<?xml version="1.0" encoding="UTF-8"?>
<testng-results ignored="0" total="1" passed="1" failed="0" skipped="0">
  <reporter-output>
  </reporter-output>
  <suite started-at="2025-08-17T09:44:19 IST" name="Default suite" finished-at="2025-08-17T09:44:22 IST" duration-ms="3009">
    <groups>
    </groups>
    <test started-at="2025-08-17T09:44:19 IST" name="Default test" finished-at="2025-08-17T09:44:22 IST" duration-ms="3009">
      <class name="MapAPI_POJO_Serialization">
        <test-method is-config="true" signature="setup()[pri:0, instance:MapAPI_POJO_Serialization@7ce69770]" started-at="2025-08-17T09:44:19 IST" name="setup" finished-at="2025-08-17T09:44:20 IST" duration-ms="452" status="PASS">
          <reporter-output>
          </reporter-output>
        </test-method> <!-- setup -->
        <test-method signature="addPlace()[pri:0, instance:MapAPI_POJO_Serialization@7ce69770]" started-at="2025-08-17T09:44:20 IST" name="addPlace" finished-at="2025-08-17T09:44:22 IST" duration-ms="2512" status="PASS">
          <reporter-output>
          </reporter-output>
        </test-method> <!-- addPlace -->
      </class> <!-- MapAPI_POJO_Serialization -->
    </test> <!-- Default test -->
  </suite> <!-- Default suite -->
</testng-results>
